2025-04-16 15:51:53,389 - INFO - successfully read the yaml file
2025-04-16 15:51:53,390 - INFO - Data Ingestion started with my_bucket_first2807 and file name is Hotel_Reservations.csv
2025-04-16 15:51:53,391 - INFO - Starting data ingestion process
2025-04-16 15:51:58,893 - WARNING - No project ID could be determined. Consider running `gcloud config set project` or setting the GOOGLE_CLOUD_PROJECT environment variable
2025-04-16 15:51:58,893 - ERROR - Error while downloading the csv file
2025-04-16 15:51:58,894 - ERROR - CustomException : Error in F:\Data Science Projects\Hotel-Reservations-Prediction\src\data_ingestion.py , line 31 : Failed to download csv file
2025-04-16 15:51:58,894 - INFO - Data Ingestion completed
2025-04-16 15:51:58,898 - INFO - successfully read the yaml file
2025-04-16 15:51:58,898 - INFO - Loading Data from raw directory
2025-04-16 15:51:58,899 - INFO - Loading data
2025-04-16 15:51:59,372 - INFO - Loading data
2025-04-16 15:51:59,435 - INFO - Starting our Data Processing Step
2025-04-16 15:51:59,435 - INFO - Dropping the columns
2025-04-16 15:51:59,511 - INFO - Applying label encoding
2025-04-16 15:51:59,540 - INFO - Label mappings are:
2025-04-16 15:51:59,540 - INFO - type_of_meal_plan : {'Meal Plan 1': np.int64(0), 'Meal Plan 2': np.int64(1), 'Meal Plan 3': np.int64(2), 'Not Selected': np.int64(3)}
2025-04-16 15:51:59,540 - INFO - room_type_reserved : {'Room_Type 1': np.int64(0), 'Room_Type 2': np.int64(1), 'Room_Type 3': np.int64(2), 'Room_Type 4': np.int64(3), 'Room_Type 5': np.int64(4), 'Room_Type 6': np.int64(5), 'Room_Type 7': np.int64(6)}
2025-04-16 15:51:59,540 - INFO - market_segment_type : {'Aviation': np.int64(0), 'Complementary': np.int64(1), 'Corporate': np.int64(2), 'Offline': np.int64(3), 'Online': np.int64(4)}
2025-04-16 15:51:59,541 - INFO - booking_status : {'Canceled': np.int64(0), 'Not_Canceled': np.int64(1)}
2025-04-16 15:51:59,541 - INFO - Doing skewness handling
2025-04-16 15:51:59,549 - INFO - Starting our Data Processing Step
2025-04-16 15:51:59,550 - INFO - Dropping the columns
2025-04-16 15:51:59,551 - INFO - Applying label encoding
2025-04-16 15:51:59,561 - INFO - Label mappings are:
2025-04-16 15:51:59,561 - INFO - type_of_meal_plan : {'Meal Plan 1': np.int64(0), 'Meal Plan 2': np.int64(1), 'Meal Plan 3': np.int64(2), 'Not Selected': np.int64(3)}
2025-04-16 15:51:59,561 - INFO - room_type_reserved : {'Room_Type 1': np.int64(0), 'Room_Type 2': np.int64(1), 'Room_Type 3': np.int64(2), 'Room_Type 4': np.int64(3), 'Room_Type 5': np.int64(4), 'Room_Type 6': np.int64(5), 'Room_Type 7': np.int64(6)}
2025-04-16 15:51:59,561 - INFO - market_segment_type : {'Aviation': np.int64(0), 'Complementary': np.int64(1), 'Corporate': np.int64(2), 'Offline': np.int64(3), 'Online': np.int64(4)}
2025-04-16 15:51:59,561 - INFO - booking_status : {'Canceled': np.int64(0), 'Not_Canceled': np.int64(1)}
2025-04-16 15:51:59,561 - INFO - Doing skewness handling
2025-04-16 15:51:59,566 - INFO - Handling Imbalanced data
2025-04-16 15:52:01,326 - INFO - Data Balanced Successfully
2025-04-16 15:52:01,327 - INFO - Starting our Feature selection process
2025-04-16 15:52:07,324 - INFO - Features selected: ['lead_time', 'avg_price_per_room', 'no_of_special_requests', 'arrival_month', 'arrival_date', 'market_segment_type', 'no_of_week_nights', 'no_of_weekend_nights', 'arrival_year', 'no_of_adults']
2025-04-16 15:52:07,327 - INFO - Feature selection completed successfully
2025-04-16 15:52:07,337 - INFO - Saving our data to artifacts/processed\processed_train.csv
2025-04-16 15:52:07,618 - INFO - Data saved successfully to artifacts/processed\processed_train.csv
2025-04-16 15:52:07,618 - INFO - Saving our data to artifacts/processed\processed_test.csv
2025-04-16 15:52:07,652 - INFO - Data saved successfully to artifacts/processed\processed_test.csv
2025-04-16 15:52:07,653 - INFO - Data Processing completed successfully
2025-04-16 15:52:09,335 - INFO - Starting model training pipeline
2025-04-16 15:52:09,335 - INFO - Starting our MLFLOW experimentation
2025-04-16 15:52:09,335 - INFO - Logging the training and testing dataset to MLFLOW
2025-04-16 15:52:09,367 - INFO - Loading data from artifacts/processed\processed_train.csv
2025-04-16 15:52:09,367 - INFO - Loading data
2025-04-16 15:52:09,431 - INFO - Loading data from artifacts/processed\processed_test.csv
2025-04-16 15:52:09,431 - INFO - Loading data
2025-04-16 15:52:09,473 - INFO - Training data shape: (39008, 10), Test data shape: (7255, 10)
2025-04-16 15:52:09,478 - INFO - Class distribution - Train: booking_status
0    19504
1    19504
Name: count, dtype: int64, Test: booking_status
1    4886
0    2369
Name: count, dtype: int64
2025-04-16 15:52:09,597 - INFO - Initializing LightGBM model
2025-04-16 15:52:09,597 - INFO - Starting hyperparameter tuning
2025-04-16 15:52:22,013 - INFO - Hyperparameter tuning completed
2025-04-16 15:52:22,013 - INFO - Best parameters: {'boosting_type': 'goss', 'learning_rate': np.float64(0.028413825967952562), 'max_depth': 8, 'n_estimators': 202, 'num_leaves': 31}
2025-04-16 15:52:22,014 - INFO - Evaluating model performance
2025-04-16 15:52:22,104 - INFO - Metrics: {'accuracy': 0.8719503790489318, 'precision': 0.9122733902896437, 'recall': 0.896029471960704, 'f1_score': 0.9040784718637067}
2025-04-16 15:52:22,170 - INFO - Model saved to artifacts/models/lgbm_model.pkl
2025-04-16 15:52:22,171 - INFO - Logging the model into MLFLOW
2025-04-16 15:52:22,178 - INFO - Logging the params and metrics to MLFLOW
2025-04-16 15:52:22,218 - INFO - Model training completed successfully
